
X.Org X Server 1.20.13
X Protocol Version 11, Revision 0
Build Operating System: linux Ubuntu
Current Operating System: Linux localhost 4.9.186-perf+ #1 SMP PREEMPT Fri Jan 17 01:22:05 2020 aarch64
Build Date: 06 July 2022  01:53:24PM
xorg-server 2:1.20.13-1ubuntu1~20.04.3 (For technical support please see http://www.ubuntu.com/support) 
Current version of pixman: 0.38.4
	Before reporting problems, check http://wiki.x.org
	to make sure that you have the latest version.
Markers: (--) probed, (**) from config file, (==) default setting,
	(++) from command line, (!!) notice, (II) informational,
	(WW) warning, (EE) error, (NI) not implemented, (??) unknown.
(==) Log file: "/var/log/Xorg.0.log", Time: Sun Nov 13 19:40:39 2022
(==) Using system config directory "/usr/share/X11/xorg.conf.d"
(EE) 
Fatal server error:
(EE) xf86OpenConsole: Cannot open virtual console 7 (No such file or directory)
(EE) 
(EE) 
Please consult the The X.Org Foundation support 
	 at http://wiki.x.org
 for help. 
(EE) Please also check the log file at "/var/log/Xorg.0.log" for additional information.
(EE) 
(EE) Server terminated with error (1). Closing log file.
