update-alternatives 2020-04-23 07:35:36: run with --quiet --install /usr/bin/awk awk /usr/bin/mawk 5 --slave /usr/share/man/man1/awk.1.gz awk.1.gz /usr/share/man/man1/mawk.1.gz --slave /usr/bin/nawk nawk /usr/bin/mawk --slave /usr/share/man/man1/nawk.1.gz nawk.1.gz /usr/share/man/man1/mawk.1.gz
update-alternatives 2020-04-23 07:35:36: link group awk updated to point to /usr/bin/mawk
update-alternatives 2020-04-23 07:35:44: run with --quiet --install /usr/bin/awk awk /usr/bin/mawk 5 --slave /usr/share/man/man1/awk.1.gz awk.1.gz /usr/share/man/man1/mawk.1.gz --slave /usr/bin/nawk nawk /usr/bin/mawk --slave /usr/share/man/man1/nawk.1.gz nawk.1.gz /usr/share/man/man1/mawk.1.gz
update-alternatives 2020-04-23 07:35:44: run with --install /usr/share/man/man7/builtins.7.gz builtins.7.gz /usr/share/man/man7/bash-builtins.7.gz 10
update-alternatives 2020-04-23 07:35:44: link group builtins.7.gz updated to point to /usr/share/man/man7/bash-builtins.7.gz
update-alternatives 2020-04-23 07:35:45: run with --install /usr/sbin/rmt rmt /usr/sbin/rmt-tar 50 --slave /usr/share/man/man8/rmt.8.gz rmt.8.gz /usr/share/man/man8/rmt-tar.8.gz
update-alternatives 2020-04-23 07:35:45: link group rmt updated to point to /usr/sbin/rmt-tar
update-alternatives 2020-04-23 07:35:46: run with --install /usr/bin/w w /usr/bin/w.procps 50 --slave /usr/share/man/man1/w.1.gz w.1.gz /usr/share/man/man1/w.procps.1.gz
update-alternatives 2020-04-23 07:35:46: link group w updated to point to /usr/bin/w.procps
update-alternatives 2020-04-23 07:35:47: run with --install /usr/bin/pager pager /bin/more 50 --slave /usr/share/man/man1/pager.1.gz pager.1.gz /usr/share/man/man1/more.1.gz
update-alternatives 2020-04-23 07:35:47: link group pager updated to point to /bin/more
update-alternatives 2020-04-23 07:35:47: run with --remove pager /usr/bin/pg
update-alternatives 2020-04-23 07:36:14: run with --remove builtins.7.gz /usr/share/man/man7/bash-builtins.7.gz
update-alternatives 2020-04-23 07:36:14: link group builtins.7.gz fully removed
update-alternatives 2020-04-23 07:41:23: run with --quiet --install /usr/bin/awk awk /usr/bin/mawk 5 --slave /usr/share/man/man1/awk.1.gz awk.1.gz /usr/share/man/man1/mawk.1.gz --slave /usr/bin/nawk nawk /usr/bin/mawk --slave /usr/share/man/man1/nawk.1.gz nawk.1.gz /usr/share/man/man1/mawk.1.gz
update-alternatives 2020-04-23 07:41:23: auto-repair link group awk
update-alternatives 2020-04-23 07:41:48: run with --install /usr/bin/w w /usr/bin/w.procps 50 --slave /usr/share/man/man1/w.1.gz w.1.gz /usr/share/man/man1/w.procps.1.gz
update-alternatives 2020-04-23 07:41:48: auto-repair link group w
update-alternatives 2020-04-23 07:42:04: run with --install /usr/sbin/rmt rmt /usr/sbin/rmt-tar 50 --slave /usr/share/man/man8/rmt.8.gz rmt.8.gz /usr/share/man/man8/rmt-tar.8.gz
update-alternatives 2020-04-23 07:42:04: auto-repair link group rmt
update-alternatives 2020-04-23 07:42:12: run with --install /usr/bin/pager pager /bin/more 50 --slave /usr/share/man/man1/pager.1.gz pager.1.gz /usr/share/man/man1/more.1.gz
update-alternatives 2020-04-23 07:42:12: auto-repair link group pager
update-alternatives 2020-04-23 07:42:12: run with --remove pager /usr/bin/pg
update-alternatives 2022-11-11 18:05:46: run with --install /usr/bin/lzma lzma /usr/bin/xz 20 --slave /usr/share/man/man1/lzma.1.gz lzma.1.gz /usr/share/man/man1/xz.1.gz --slave /usr/bin/unlzma unlzma /usr/bin/unxz --slave /usr/share/man/man1/unlzma.1.gz unlzma.1.gz /usr/share/man/man1/unxz.1.gz --slave /usr/bin/lzcat lzcat /usr/bin/xzcat --slave /usr/share/man/man1/lzcat.1.gz lzcat.1.gz /usr/share/man/man1/xzcat.1.gz --slave /usr/bin/lzmore lzmore /usr/bin/xzmore --slave /usr/share/man/man1/lzmore.1.gz lzmore.1.gz /usr/share/man/man1/xzmore.1.gz --slave /usr/bin/lzless lzless /usr/bin/xzless --slave /usr/share/man/man1/lzless.1.gz lzless.1.gz /usr/share/man/man1/xzless.1.gz --slave /usr/bin/lzdiff lzdiff /usr/bin/xzdiff --slave /usr/share/man/man1/lzdiff.1.gz lzdiff.1.gz /usr/share/man/man1/xzdiff.1.gz --slave /usr/bin/lzcmp lzcmp /usr/bin/xzcmp --slave /usr/share/man/man1/lzcmp.1.gz lzcmp.1.gz /usr/share/man/man1/xzcmp.1.gz --slave /usr/bin/lzgrep lzgrep /usr/bin/xzgrep --slave /usr/share/man/man1/lzgrep.1.gz lzgrep.1.gz /usr/share/man/man1/xzgrep.1.gz --slave /usr/bin/lzegrep lzegrep /usr/bin/xzegrep --slave /usr/share/man/man1/lzegrep.1.gz lzegrep.1.gz /usr/share/man/man1/xzegrep.1.gz --slave /usr/bin/lzfgrep lzfgrep /usr/bin/xzfgrep --slave /usr/share/man/man1/lzfgrep.1.gz lzfgrep.1.gz /usr/share/man/man1/xzfgrep.1.gz
update-alternatives 2022-11-11 18:05:46: link group lzma updated to point to /usr/bin/xz
update-alternatives 2022-11-11 18:06:04: run with --quiet --install /usr/bin/pinentry pinentry /usr/bin/pinentry-curses 50 --slave /usr/share/man/man1/pinentry.1.gz pinentry.1.gz /usr/share/man/man1/pinentry-curses.1.gz
update-alternatives 2022-11-11 18:06:04: link group pinentry updated to point to /usr/bin/pinentry-curses
update-alternatives 2022-11-11 18:06:57: run with --install /usr/bin/editor editor /bin/nano 40 --slave /usr/share/man/man1/editor.1.gz editor.1.gz /usr/share/man/man1/nano.1.gz
update-alternatives 2022-11-11 18:06:57: link group editor updated to point to /bin/nano
update-alternatives 2022-11-11 18:06:57: run with --install /usr/bin/pico pico /bin/nano 10 --slave /usr/share/man/man1/pico.1.gz pico.1.gz /usr/share/man/man1/nano.1.gz
update-alternatives 2022-11-11 18:06:57: link group pico updated to point to /bin/nano
update-alternatives 2022-11-11 18:24:28: run with --install /usr/bin/vncconfig vncconfig /usr/bin/tigervncconfig 80 --slave /usr/share/man/man1/vncconfig.1.gz vncconfig.1.gz /usr/share/man/man1/tigervncconfig.1.gz
update-alternatives 2022-11-11 18:24:28: link group vncconfig updated to point to /usr/bin/tigervncconfig
update-alternatives 2022-11-11 18:24:28: run with --install /usr/bin/vncpasswd vncpasswd /usr/bin/tigervncpasswd 80 --slave /usr/share/man/man1/vncpasswd.1.gz vncpasswd.1.gz /usr/share/man/man1/tigervncpasswd.1.gz
update-alternatives 2022-11-11 18:24:28: link group vncpasswd updated to point to /usr/bin/tigervncpasswd
update-alternatives 2022-11-11 18:24:33: run with --install /usr/bin/vncserver vncserver /usr/bin/tigervncserver 80 --slave /usr/share/man/man1/vncserver.1.gz vncserver.1.gz /usr/share/man/man1/tigervncserver.1.gz
update-alternatives 2022-11-11 18:24:33: link group vncserver updated to point to /usr/bin/tigervncserver
update-alternatives 2022-11-11 18:24:34: run with --install /usr/bin/Xvnc Xvnc /usr/bin/Xtigervnc 80 --slave /usr/share/man/man1/Xvnc.1.gz Xvnc.1.gz /usr/share/man/man1/Xtigervnc.1.gz
update-alternatives 2022-11-11 18:24:34: link group Xvnc updated to point to /usr/bin/Xtigervnc
update-alternatives 2022-11-11 18:24:36: run with --install /usr/share/icons/default/index.theme x-cursor-theme /usr/share/icons/Adwaita/cursor.theme 90
update-alternatives 2022-11-11 18:24:36: link group x-cursor-theme updated to point to /usr/share/icons/Adwaita/cursor.theme
update-alternatives 2022-11-11 18:25:05: run with --install /usr/bin/x-window-manager x-window-manager /usr/bin/xfwm4 60 --slave /usr/share/man/man1/x-window-manager.1.gz x-window-manager.1.gz /usr/share/man/man1/xfwm4.1.gz
update-alternatives 2022-11-11 18:25:05: link group x-window-manager updated to point to /usr/bin/xfwm4
update-alternatives 2022-11-11 18:25:07: run with --install /usr/bin/x-terminal-emulator x-terminal-emulator /usr/bin/xfce4-terminal.wrapper 40 --slave /usr/share/man/man1/x-terminal-emulator.1.gz x-terminal-emulator.1.gz /usr/share/man/man1/xfce4-terminal.1.gz
update-alternatives 2022-11-11 18:25:07: link group x-terminal-emulator updated to point to /usr/bin/xfce4-terminal.wrapper
update-alternatives 2022-11-11 18:25:07: run with --install /usr/bin/x-session-manager x-session-manager /usr/bin/startxfce4 50 --slave /usr/share/man/man1/x-session-manager.1.gz x-session-manager.1.gz /usr/share/man/man1/startxfce4.1.gz
update-alternatives 2022-11-11 18:25:07: link group x-session-manager updated to point to /usr/bin/startxfce4
update-alternatives 2022-11-11 18:25:07: run with --install /usr/bin/x-session-manager x-session-manager /usr/bin/xfce4-session 40 --slave /usr/share/man/man1/x-session-manager.1.gz x-session-manager.1.gz /usr/share/man/man1/xfce4-session.1.gz
update-alternatives 2022-11-11 18:29:47: run with --quiet --install /lib/cpp cpp /usr/bin/cpp 10
update-alternatives 2022-11-11 18:29:47: link group cpp updated to point to /usr/bin/cpp
update-alternatives 2022-11-11 18:29:48: run with --install /usr/bin/x-www-browser x-www-browser /usr/bin/chromium 40
update-alternatives 2022-11-11 18:29:48: link group x-www-browser updated to point to /usr/bin/chromium
update-alternatives 2022-11-11 18:29:48: run with --install /usr/bin/gnome-www-browser gnome-www-browser /usr/bin/chromium 40
update-alternatives 2022-11-11 18:29:48: link group gnome-www-browser updated to point to /usr/bin/chromium
update-alternatives 2022-11-11 18:51:07: run with --force --install /usr/share/sounds/sf2/default-GM.sf2 default-GM.sf2 /usr/share/sounds/sf2/TimGM6mb.sf2 20
update-alternatives 2022-11-11 18:51:07: link group default-GM.sf2 updated to point to /usr/share/sounds/sf2/TimGM6mb.sf2
update-alternatives 2022-11-11 18:51:07: run with --force --install /usr/share/sounds/sf3/default-GM.sf3 default-GM.sf3 /usr/share/sounds/sf2/TimGM6mb.sf2 20
update-alternatives 2022-11-11 18:51:07: link group default-GM.sf3 updated to point to /usr/share/sounds/sf2/TimGM6mb.sf2
update-alternatives 2022-11-11 20:04:15: run with --install /usr/lib/aarch64-linux-gnu/libblas.so.3 libblas.so.3-aarch64-linux-gnu /usr/lib/aarch64-linux-gnu/blas/libblas.so.3 10
update-alternatives 2022-11-11 20:04:15: link group libblas.so.3-aarch64-linux-gnu updated to point to /usr/lib/aarch64-linux-gnu/blas/libblas.so.3
update-alternatives 2022-11-11 20:04:17: run with --install /usr/lib/aarch64-linux-gnu/liblapack.so.3 liblapack.so.3-aarch64-linux-gnu /usr/lib/aarch64-linux-gnu/lapack/liblapack.so.3 10
update-alternatives 2022-11-11 20:04:17: link group liblapack.so.3-aarch64-linux-gnu updated to point to /usr/lib/aarch64-linux-gnu/lapack/liblapack.so.3
update-alternatives 2022-11-12 07:27:36: run with --quiet --install /usr/bin/pager pager /usr/bin/less 77 --slave /usr/share/man/man1/pager.1.gz pager.1.gz /usr/share/man/man1/less.1.gz
update-alternatives 2022-11-12 07:27:36: link group pager updated to point to /usr/bin/less
update-alternatives 2022-11-12 07:27:36: run with --quiet --remove pager /bin/less
update-alternatives 2022-11-12 07:27:36: run with --quiet --install /usr/bin/rsh rsh /usr/bin/ssh 20 --slave /usr/share/man/man1/rsh.1.gz rsh.1.gz /usr/share/man/man1/ssh.1.gz
update-alternatives 2022-11-12 07:27:36: link group rsh updated to point to /usr/bin/ssh
update-alternatives 2022-11-12 07:27:36: run with --quiet --install /usr/bin/rlogin rlogin /usr/bin/slogin 20 --slave /usr/share/man/man1/rlogin.1.gz rlogin.1.gz /usr/share/man/man1/slogin.1.gz
update-alternatives 2022-11-12 07:27:36: link group rlogin updated to point to /usr/bin/slogin
update-alternatives 2022-11-12 07:27:36: run with --quiet --install /usr/bin/rcp rcp /usr/bin/scp 20 --slave /usr/share/man/man1/rcp.1.gz rcp.1.gz /usr/share/man/man1/scp.1.gz
update-alternatives 2022-11-12 07:27:36: link group rcp updated to point to /usr/bin/scp
update-alternatives 2022-11-12 08:14:57: run with --install /usr/bin/fakeroot fakeroot /usr/bin/fakeroot-sysv 50 --slave /usr/share/man/man1/fakeroot.1.gz fakeroot.1.gz /usr/share/man/man1/fakeroot-sysv.1.gz --slave /usr/share/man/man1/faked.1.gz faked.1.gz /usr/share/man/man1/faked-sysv.1.gz --slave /usr/share/man/es/man1/fakeroot.1.gz fakeroot.es.1.gz /usr/share/man/es/man1/fakeroot-sysv.1.gz --slave /usr/share/man/es/man1/faked.1.gz faked.es.1.gz /usr/share/man/es/man1/faked-sysv.1.gz --slave /usr/share/man/fr/man1/fakeroot.1.gz fakeroot.fr.1.gz /usr/share/man/fr/man1/fakeroot-sysv.1.gz --slave /usr/share/man/fr/man1/faked.1.gz faked.fr.1.gz /usr/share/man/fr/man1/faked-sysv.1.gz --slave /usr/share/man/sv/man1/fakeroot.1.gz fakeroot.sv.1.gz /usr/share/man/sv/man1/fakeroot-sysv.1.gz --slave /usr/share/man/sv/man1/faked.1.gz faked.sv.1.gz /usr/share/man/sv/man1/faked-sysv.1.gz
update-alternatives 2022-11-12 08:14:57: link group fakeroot updated to point to /usr/bin/fakeroot-sysv
update-alternatives 2022-11-12 08:14:57: run with --install /usr/bin/fakeroot fakeroot /usr/bin/fakeroot-tcp 30 --slave /usr/share/man/man1/fakeroot.1.gz fakeroot.1.gz /usr/share/man/man1/fakeroot-tcp.1.gz --slave /usr/share/man/man1/faked.1.gz faked.1.gz /usr/share/man/man1/faked-tcp.1.gz --slave /usr/share/man/es/man1/fakeroot.1.gz fakeroot.es.1.gz /usr/share/man/es/man1/fakeroot-tcp.1.gz --slave /usr/share/man/es/man1/faked.1.gz faked.es.1.gz /usr/share/man/es/man1/faked-tcp.1.gz --slave /usr/share/man/fr/man1/fakeroot.1.gz fakeroot.fr.1.gz /usr/share/man/fr/man1/fakeroot-tcp.1.gz --slave /usr/share/man/fr/man1/faked.1.gz faked.fr.1.gz /usr/share/man/fr/man1/faked-tcp.1.gz --slave /usr/share/man/sv/man1/fakeroot.1.gz fakeroot.sv.1.gz /usr/share/man/sv/man1/fakeroot-tcp.1.gz --slave /usr/share/man/sv/man1/faked.1.gz faked.sv.1.gz /usr/share/man/sv/man1/faked-tcp.1.gz
update-alternatives 2022-11-12 08:14:58: run with --quiet --install /usr/bin/cc cc /usr/bin/gcc 20 --slave /usr/share/man/man1/cc.1.gz cc.1.gz /usr/share/man/man1/gcc.1.gz
update-alternatives 2022-11-12 08:14:58: link group cc updated to point to /usr/bin/gcc
update-alternatives 2022-11-12 08:14:58: run with --quiet --install /usr/bin/c89 c89 /usr/bin/c89-gcc 20 --slave /usr/share/man/man1/c89.1.gz c89.1.gz /usr/share/man/man1/c89-gcc.1.gz
update-alternatives 2022-11-12 08:14:58: link group c89 updated to point to /usr/bin/c89-gcc
update-alternatives 2022-11-12 08:14:58: run with --quiet --install /usr/bin/c99 c99 /usr/bin/c99-gcc 20 --slave /usr/share/man/man1/c99.1.gz c99.1.gz /usr/share/man/man1/c99-gcc.1.gz
update-alternatives 2022-11-12 08:14:58: link group c99 updated to point to /usr/bin/c99-gcc
update-alternatives 2022-11-12 08:14:58: run with --install /usr/bin/c++ c++ /usr/bin/g++ 20 --slave /usr/share/man/man1/c++.1.gz c++.1.gz /usr/share/man/man1/g++.1.gz
update-alternatives 2022-11-12 08:14:58: link group c++ updated to point to /usr/bin/g++
update-alternatives 2022-11-12 19:04:54: run with --install /usr/bin/write write /usr/bin/bsd-write 100 --slave /usr/share/man/man1/write.1.gz write.1.gz /usr/share/man/man1/bsd-write.1.gz
update-alternatives 2022-11-12 19:04:54: link group write updated to point to /usr/bin/bsd-write
update-alternatives 2022-11-12 19:04:54: run with --install /usr/bin/from from /usr/bin/bsd-from 10 --slave /usr/share/man/man1/from.1.gz from.1.gz /usr/share/man/man1/bsd-from.1.gz
update-alternatives 2022-11-12 19:04:54: link group from updated to point to /usr/bin/bsd-from
update-alternatives 2022-11-12 19:05:03: run with --install /usr/bin/automake automake /usr/bin/automake-1.16 34 --slave /usr/bin/aclocal aclocal /usr/bin/aclocal-1.16 --slave /usr/share/man/man1/automake.1.gz automake.1.gz /usr/share/man/man1/automake-1.16.1.gz --slave /usr/share/man/man1/aclocal.1.gz aclocal.1.gz /usr/share/man/man1/aclocal-1.16.1.gz
update-alternatives 2022-11-12 19:05:03: link group automake updated to point to /usr/bin/automake-1.16
update-alternatives 2022-11-12 19:23:09: run with --install /usr/sbin/rmt rmt /usr/sbin/rmt-tar 50 --slave /usr/share/man/man8/rmt.8.gz rmt.8.gz /usr/share/man/man8/rmt-tar.8.gz
update-alternatives 2022-11-12 19:23:25: run with --install /usr/bin/pager pager /bin/more 50 --slave /usr/share/man/man1/pager.1.gz pager.1.gz /usr/share/man/man1/more.1.gz
update-alternatives 2022-11-12 19:23:25: run with --remove pager /usr/bin/pg
update-alternatives 2022-11-12 19:24:33: run with --install /usr/bin/w w /usr/bin/w.procps 50 --slave /usr/share/man/man1/w.1.gz w.1.gz /usr/share/man/man1/w.procps.1.gz
update-alternatives 2022-11-13 17:54:14: run with --install /etc/mysql/my.cnf my.cnf /etc/mysql/my.cnf.fallback 100
update-alternatives 2022-11-13 17:54:14: link group my.cnf updated to point to /etc/mysql/my.cnf.fallback
update-alternatives 2022-11-13 17:54:14: run with --install /etc/newt/palette newt-palette /etc/newt/palette.ubuntu 50
update-alternatives 2022-11-13 17:54:14: link group newt-palette updated to point to /etc/newt/palette.ubuntu
update-alternatives 2022-11-13 17:54:14: run with --install /etc/newt/palette newt-palette /etc/newt/palette.original 20
update-alternatives 2022-11-13 17:54:16: run with --install /usr/share/gnome-shell/gdm3-theme.gresource gdm3-theme.gresource /usr/share/gnome-shell/theme/Yaru/gnome-shell-theme.gresource 15
update-alternatives 2022-11-13 17:54:16: link group gdm3-theme.gresource updated to point to /usr/share/gnome-shell/theme/Yaru/gnome-shell-theme.gresource
update-alternatives 2022-11-13 17:54:19: run with --install /usr/share/gnome-shell/gdm3-theme.gresource gdm3-theme.gresource /usr/share/gnome-shell/gnome-shell-theme.gresource 10
update-alternatives 2022-11-13 18:09:10: run with --install /usr/bin/x-session-manager x-session-manager /usr/bin/gnome-session 50 --slave /usr/share/man/man1/x-session-manager.1.gz x-session-manager.1.gz /usr/share/man/man1/gnome-session.1.gz
update-alternatives 2022-11-13 18:09:27: run with --install /usr/sbin/iptables iptables /usr/sbin/iptables-legacy 20 --slave /usr/sbin/iptables-restore iptables-restore /usr/sbin/iptables-legacy-restore --slave /usr/sbin/iptables-save iptables-save /usr/sbin/iptables-legacy-save
update-alternatives 2022-11-13 18:09:27: link group iptables updated to point to /usr/sbin/iptables-legacy
update-alternatives 2022-11-13 18:09:27: run with --install /usr/sbin/ip6tables ip6tables /usr/sbin/ip6tables-legacy 20 --slave /usr/sbin/ip6tables-restore ip6tables-restore /usr/sbin/ip6tables-legacy-restore --slave /usr/sbin/ip6tables-save ip6tables-save /usr/sbin/ip6tables-legacy-save
update-alternatives 2022-11-13 18:09:27: link group ip6tables updated to point to /usr/sbin/ip6tables-legacy
update-alternatives 2022-11-13 18:09:27: run with --install /usr/sbin/iptables iptables /usr/sbin/iptables-nft 10 --slave /usr/sbin/iptables-restore iptables-restore /usr/sbin/iptables-nft-restore --slave /usr/sbin/iptables-save iptables-save /usr/sbin/iptables-nft-save
update-alternatives 2022-11-13 18:09:27: run with --install /usr/sbin/ip6tables ip6tables /usr/sbin/ip6tables-nft 10 --slave /usr/sbin/ip6tables-restore ip6tables-restore /usr/sbin/ip6tables-nft-restore --slave /usr/sbin/ip6tables-save ip6tables-save /usr/sbin/ip6tables-nft-save
update-alternatives 2022-11-13 18:09:27: run with --install /usr/sbin/arptables arptables /usr/sbin/arptables-nft 10 --slave /usr/sbin/arptables-restore arptables-restore /usr/sbin/arptables-nft-restore --slave /usr/sbin/arptables-save arptables-save /usr/sbin/arptables-nft-save
update-alternatives 2022-11-13 18:09:27: link group arptables updated to point to /usr/sbin/arptables-nft
update-alternatives 2022-11-13 18:09:27: run with --install /usr/sbin/ebtables ebtables /usr/sbin/ebtables-nft 10 --slave /usr/sbin/ebtables-restore ebtables-restore /usr/sbin/ebtables-nft-restore --slave /usr/sbin/ebtables-save ebtables-save /usr/sbin/ebtables-nft-save
update-alternatives 2022-11-13 18:09:27: link group ebtables updated to point to /usr/sbin/ebtables-nft
update-alternatives 2022-11-13 18:10:00: run with --quiet --install /usr/bin/pinentry pinentry /usr/bin/pinentry-gnome3 90 --slave /usr/share/man/man1/pinentry.1.gz pinentry.1.gz /usr/share/man/man1/pinentry-gnome3.1.gz
update-alternatives 2022-11-13 18:10:00: link group pinentry updated to point to /usr/bin/pinentry-gnome3
update-alternatives 2022-11-13 18:10:00: run with --quiet --install /usr/bin/pinentry-x11 pinentry-x11 /usr/bin/pinentry-gnome3 90 --slave /usr/share/man/man1/pinentry-x11.1.gz pinentry-x11.1.gz /usr/share/man/man1/pinentry-gnome3.1.gz
update-alternatives 2022-11-13 18:10:00: link group pinentry-x11 updated to point to /usr/bin/pinentry-gnome3
update-alternatives 2022-11-13 18:10:24: run with --install /usr/bin/x-window-manager x-window-manager /usr/bin/mutter 60 --slave /usr/share/man/man1/x-window-manager.1.gz x-window-manager.1.gz /usr/share/man/man1/mutter.1.gz
update-alternatives 2022-11-13 18:36:45: run with --install /bin/mt mt /bin/mt-gnu 10 --slave /usr/share/man/man1/mt.1.gz mt.1.gz /usr/share/man/man1/mt-gnu.1.gz
update-alternatives 2022-11-13 18:36:45: link group mt updated to point to /bin/mt-gnu
update-alternatives 2022-11-13 18:37:13: run with --install /usr/share/icons/default/index.theme x-cursor-theme /usr/share/icons/DMZ-White/cursor.theme 100
update-alternatives 2022-11-13 18:37:13: link group x-cursor-theme updated to point to /usr/share/icons/DMZ-White/cursor.theme
update-alternatives 2022-11-13 18:37:13: run with --install /usr/share/icons/default/index.theme x-cursor-theme /usr/share/icons/DMZ-Black/cursor.theme 30
update-alternatives 2022-11-13 18:37:42: run with --install /usr/bin/gstreamer-codec-install gstreamer-codec-install /usr/lib/packagekit/pk-gstreamer-install 80
update-alternatives 2022-11-13 18:37:42: link group gstreamer-codec-install updated to point to /usr/lib/packagekit/pk-gstreamer-install
update-alternatives 2022-11-13 18:37:54: run with --install /usr/bin/futurize futurize /usr/bin/python3-futurize 300
update-alternatives 2022-11-13 18:37:54: link group futurize updated to point to /usr/bin/python3-futurize
update-alternatives 2022-11-13 18:37:54: run with --install /usr/bin/pasteurize pasteurize /usr/bin/python3-pasteurize 300
update-alternatives 2022-11-13 18:37:54: link group pasteurize updated to point to /usr/bin/python3-pasteurize
update-alternatives 2022-11-13 18:38:01: run with --install /usr/share/icons/default/index.theme x-cursor-theme /etc/X11/cursors/core.theme 30
update-alternatives 2022-11-13 18:38:01: run with --install /usr/share/icons/default/index.theme x-cursor-theme /etc/X11/cursors/redglass.theme 20
update-alternatives 2022-11-13 18:38:01: run with --install /usr/share/icons/default/index.theme x-cursor-theme /etc/X11/cursors/whiteglass.theme 20
update-alternatives 2022-11-13 18:38:01: run with --install /usr/share/icons/default/index.theme x-cursor-theme /etc/X11/cursors/handhelds.theme 20
update-alternatives 2022-11-13 18:38:03: run with --install /usr/bin/x-terminal-emulator x-terminal-emulator /usr/bin/gnome-terminal.wrapper 40 --slave /usr/share/man/man1/x-terminal-emulator.1.gz x-terminal-emulator.1.gz /usr/share/man/man1/gnome-terminal.1.gz
update-alternatives 2022-11-13 18:38:16: run with --install /usr/bin/gnome-www-browser gnome-www-browser /usr/bin/firefox 40
update-alternatives 2022-11-13 18:38:16: run with --install /usr/bin/x-www-browser x-www-browser /usr/bin/firefox 40
update-alternatives 2022-11-13 18:38:55: run with --install /usr/share/plymouth/themes/default.plymouth default.plymouth /usr/share/plymouth/themes/bgrt/bgrt.plymouth 110
update-alternatives 2022-11-13 18:38:55: link group default.plymouth updated to point to /usr/share/plymouth/themes/bgrt/bgrt.plymouth
update-alternatives 2022-11-13 18:39:36: run with --install /usr/bin/gnome-text-editor gnome-text-editor /usr/bin/gedit 50 --slave /usr/share/man/man1/gnome-text-editor.1.gz gnome-text-editor.1.gz /usr/share/man/man1/gedit.1.gz
update-alternatives 2022-11-13 18:39:36: link group gnome-text-editor updated to point to /usr/bin/gedit
update-alternatives 2022-11-13 19:03:39: run with --config x-session-manager
update-alternatives 2022-11-13 19:04:10: status of link group /usr/bin/x-session-manager set to manual
update-alternatives 2022-11-13 19:04:10: link group x-session-manager updated to point to /usr/bin/gnome-session
update-alternatives 2022-11-13 19:12:53: run with --config x-session-manager
update-alternatives 2022-11-13 19:42:57: run with --install /usr/share/images/vendor-logos vendor-logos /usr/share/desktop-base/debian-logos 50 --slave /usr/share/icons/vendor/64x64/emblems/emblem-vendor.png emblem-vendor-64 /usr/share/icons/desktop-base/64x64/emblems/emblem-debian.png --slave /usr/share/icons/vendor/128x128/emblems/emblem-vendor.png emblem-vendor-128 /usr/share/icons/desktop-base/128x128/emblems/emblem-debian.png --slave /usr/share/icons/vendor/256x256/emblems/emblem-vendor.png emblem-vendor-256 /usr/share/icons/desktop-base/256x256/emblems/emblem-debian.png --slave /usr/share/icons/vendor/scalable/emblems/emblem-vendor.svg emblem-vendor-scalable /usr/share/icons/desktop-base/scalable/emblems/emblem-debian.svg --slave /usr/share/icons/vendor/64x64/emblems/emblem-vendor-symbolic.png emblem-vendor-symbolic-64 /usr/share/icons/desktop-base/64x64/emblems/emblem-debian-symbolic.png --slave /usr/share/icons/vendor/128x128/emblems/emblem-vendor-symbolic.png emblem-vendor-symbolic-128 /usr/share/icons/desktop-base/128x128/emblems/emblem-debian-symbolic.png --slave /usr/share/icons/vendor/256x256/emblems/emblem-vendor-symbolic.png emblem-vendor-symbolic-256 /usr/share/icons/desktop-base/256x256/emblems/emblem-debian-symbolic.png --slave /usr/share/icons/vendor/scalable/emblems/emblem-vendor-symbolic.svg emblem-vendor-symbolic-scalable /usr/share/icons/desktop-base/scalable/emblems/emblem-debian-symbolic.svg --slave /usr/share/icons/vendor/64x64/emblems/emblem-vendor-white.png emblem-vendor-white-64 /usr/share/icons/desktop-base/64x64/emblems/emblem-debian-white.png --slave /usr/share/icons/vendor/128x128/emblems/emblem-vendor-white.png emblem-vendor-white-128 /usr/share/icons/desktop-base/128x128/emblems/emblem-debian-white.png --slave /usr/share/icons/vendor/256x256/emblems/emblem-vendor-white.png emblem-vendor-white-256 /usr/share/icons/desktop-base/256x256/emblems/emblem-debian-white.png --slave /usr/share/icons/vendor/scalable/emblems/emblem-vendor-white.svg emblem-vendor-white-scalable
update-alternatives 2022-11-13 19:42:57: link group vendor-logos updated to point to /usr/share/desktop-base/debian-logos
update-alternatives 2022-11-13 19:42:57: run with --install /usr/share/desktop-base/active-theme desktop-theme /usr/share/desktop-base/futureprototype-theme 50
update-alternatives 2022-11-13 19:42:57: link group desktop-theme updated to point to /usr/share/desktop-base/futureprototype-theme
update-alternatives 2022-11-13 19:42:57: run with --install /usr/share/desktop-base/active-theme desktop-theme /usr/share/desktop-base/moonlight-theme 40
update-alternatives 2022-11-13 19:42:58: run with --install /usr/share/desktop-base/active-theme desktop-theme /usr/share/desktop-base/softwaves-theme 40
update-alternatives 2022-11-13 19:42:58: run with --install /usr/share/desktop-base/active-theme desktop-theme /usr/share/desktop-base/lines-theme 40
update-alternatives 2022-11-13 19:42:58: run with --install /usr/share/desktop-base/active-theme desktop-theme /usr/share/desktop-base/joy-theme 40
update-alternatives 2022-11-13 19:42:58: run with --install /usr/share/desktop-base/active-theme desktop-theme /usr/share/desktop-base/joy-inksplat-theme 40
update-alternatives 2022-11-13 19:42:58: run with --install /usr/share/desktop-base/active-theme desktop-theme /usr/share/desktop-base/spacefun-theme 40
update-alternatives 2022-11-13 19:42:58: run with --install /usr/share/images/desktop-base/desktop-background desktop-background /usr/share/desktop-base/active-theme/wallpaper/contents/images/1920x1080.svg 70
update-alternatives 2022-11-13 19:42:58: link group desktop-background updated to point to /usr/share/desktop-base/active-theme/wallpaper/contents/images/1920x1080.svg
update-alternatives 2022-11-13 19:42:58: run with --install /usr/share/images/desktop-base/desktop-background desktop-background /usr/share/desktop-base/futureprototype-theme/wallpaper/contents/images/1920x1080.svg 65
update-alternatives 2022-11-13 19:42:58: run with --install /usr/share/images/desktop-base/desktop-background desktop-background /usr/share/desktop-base/moonlight-theme/wallpaper/contents/images/1920x1080.svg 65
update-alternatives 2022-11-13 19:42:58: run with --install /usr/share/images/desktop-base/desktop-background desktop-background /usr/share/desktop-base/softwaves-theme/wallpaper/contents/images/1024x768.svg 50
update-alternatives 2022-11-13 19:42:58: run with --install /usr/share/images/desktop-base/desktop-background desktop-background /usr/share/desktop-base/softwaves-theme/wallpaper/contents/images/1280x720.svg 50
update-alternatives 2022-11-13 19:42:58: run with --install /usr/share/images/desktop-base/desktop-background desktop-background /usr/share/desktop-base/softwaves-theme/wallpaper/contents/images/1280x800.svg 50
update-alternatives 2022-11-13 19:42:58: run with --install /usr/share/images/desktop-base/desktop-background desktop-background /usr/share/desktop-base/softwaves-theme/wallpaper/contents/images/1280x1024.svg 50
update-alternatives 2022-11-13 19:42:58: run with --install /usr/share/images/desktop-base/desktop-background desktop-background /usr/share/desktop-base/softwaves-theme/wallpaper/contents/images/1600x1200.svg 50
update-alternatives 2022-11-13 19:42:59: run with --install /usr/share/images/desktop-base/desktop-background desktop-background /usr/share/desktop-base/softwaves-theme/wallpaper/contents/images/1920x1080.svg 50
update-alternatives 2022-11-13 19:42:59: run with --install /usr/share/images/desktop-base/desktop-background desktop-background /usr/share/desktop-base/softwaves-theme/wallpaper/contents/images/1920x1200.svg 50
update-alternatives 2022-11-13 19:42:59: run with --install /usr/share/images/desktop-base/desktop-background desktop-background /usr/share/desktop-base/softwaves-theme/wallpaper/contents/images/2560x1440.svg 50
update-alternatives 2022-11-13 19:42:59: run with --install /usr/share/images/desktop-base/desktop-background desktop-background /usr/share/desktop-base/softwaves-theme/wallpaper/contents/images/2560x1600.svg 50
update-alternatives 2022-11-13 19:42:59: run with --install /usr/share/images/desktop-base/desktop-background desktop-background /usr/share/desktop-base/lines-theme/wallpaper/contents/images/1280x1024.svg 50
update-alternatives 2022-11-13 19:42:59: run with --install /usr/share/images/desktop-base/desktop-background desktop-background /usr/share/desktop-base/lines-theme/wallpaper/contents/images/1600x1200.svg 50
update-alternatives 2022-11-13 19:42:59: run with --install /usr/share/images/desktop-base/desktop-background desktop-background /usr/share/desktop-base/lines-theme/wallpaper/contents/images/1920x1080.svg 50
update-alternatives 2022-11-13 19:42:59: run with --install /usr/share/images/desktop-base/desktop-background desktop-background /usr/share/desktop-base/lines-theme/wallpaper/contents/images/1920x1200.svg 50
update-alternatives 2022-11-13 19:42:59: run with --install /usr/share/images/desktop-base/desktop-background desktop-background /usr/share/desktop-base/lines-theme/wallpaper/contents/images/2560x1080.svg 50
update-alternatives 2022-11-13 19:42:59: run with --install /usr/share/images/desktop-base/desktop-background desktop-background /usr/share/desktop-base/joy-theme/wallpaper/contents/images/1280x720.svg 50
update-alternatives 2022-11-13 19:42:59: run with --install /usr/share/images/desktop-base/desktop-background desktop-background /usr/share/desktop-base/joy-theme/wallpaper/contents/images/1280x1024.svg 50
update-alternatives 2022-11-13 19:43:00: run with --install /usr/share/images/desktop-base/desktop-background desktop-background /usr/share/desktop-base/joy-theme/wallpaper/contents/images/1600x1200.svg 50
update-alternatives 2022-11-13 19:43:00: run with --install /usr/share/images/desktop-base/desktop-background desktop-background /usr/share/desktop-base/joy-theme/wallpaper/contents/images/1920x1080.svg 50
update-alternatives 2022-11-13 19:43:00: run with --install /usr/share/images/desktop-base/desktop-background desktop-background /usr/share/desktop-base/joy-theme/wallpaper/contents/images/1920x1200.svg 50
update-alternatives 2022-11-13 19:43:00: run with --install /usr/share/images/desktop-base/desktop-background desktop-background /usr/share/desktop-base/joy-inksplat-theme/wallpaper/contents/images/1280x720.svg 50
update-alternatives 2022-11-13 19:43:00: run with --install /usr/share/images/desktop-base/desktop-background desktop-background /usr/share/desktop-base/joy-inksplat-theme/wallpaper/contents/images/1280x1024.svg 50
update-alternatives 2022-11-13 19:43:00: run with --install /usr/share/images/desktop-base/desktop-background desktop-background /usr/share/desktop-base/joy-inksplat-theme/wallpaper/contents/images/1600x1200.svg 50
update-alternatives 2022-11-13 19:43:00: run with --install /usr/share/images/desktop-base/desktop-background desktop-background /usr/share/desktop-base/joy-inksplat-theme/wallpaper/contents/images/1920x1080.svg 50
update-alternatives 2022-11-13 19:43:00: run with --install /usr/share/images/desktop-base/desktop-background desktop-background /usr/share/desktop-base/joy-inksplat-theme/wallpaper/contents/images/1920x1200.svg 50
update-alternatives 2022-11-13 19:43:00: run with --install /usr/share/images/desktop-base/desktop-background desktop-background /usr/share/desktop-base/spacefun-theme/wallpaper/contents/images/1280x720.svg 50
update-alternatives 2022-11-13 19:43:00: run with --install /usr/share/images/desktop-base/desktop-background desktop-background /usr/share/desktop-base/spacefun-theme/wallpaper/contents/images/1280x1024.svg 50
update-alternatives 2022-11-13 19:43:00: run with --install /usr/share/images/desktop-base/desktop-background desktop-background /usr/share/desktop-base/spacefun-theme/wallpaper/contents/images/1920x1080.svg 50
update-alternatives 2022-11-13 19:43:01: run with --install /usr/share/images/desktop-base/desktop-background desktop-background /usr/share/desktop-base/spacefun-theme/wallpaper/contents/images/1920x1200.svg 50
update-alternatives 2022-11-13 19:43:01: run with --install /usr/share/images/desktop-base/desktop-background.xml desktop-background.xml /usr/share/desktop-base/active-theme/wallpaper/gnome-background.xml 50
update-alternatives 2022-11-13 19:43:01: link group desktop-background.xml updated to point to /usr/share/desktop-base/active-theme/wallpaper/gnome-background.xml
update-alternatives 2022-11-13 19:43:01: run with --install /usr/share/images/desktop-base/desktop-background.xml desktop-background.xml /usr/share/desktop-base/futureprototype-theme/wallpaper/gnome-background.xml 40
update-alternatives 2022-11-13 19:43:01: run with --install /usr/share/images/desktop-base/desktop-background.xml desktop-background.xml /usr/share/desktop-base/moonlight-theme/wallpaper/gnome-background.xml 30
update-alternatives 2022-11-13 19:43:01: run with --install /usr/share/images/desktop-base/desktop-background.xml desktop-background.xml /usr/share/desktop-base/softwaves-theme/wallpaper/gnome-background.xml 30
update-alternatives 2022-11-13 19:43:01: run with --install /usr/share/images/desktop-base/desktop-background.xml desktop-background.xml /usr/share/desktop-base/lines-theme/wallpaper/gnome-background.xml 30
update-alternatives 2022-11-13 19:43:01: run with --install /usr/share/images/desktop-base/desktop-background.xml desktop-background.xml /usr/share/desktop-base/joy-theme/wallpaper/gnome-background.xml 30
update-alternatives 2022-11-13 19:43:01: run with --install /usr/share/images/desktop-base/desktop-background.xml desktop-background.xml /usr/share/desktop-base/joy-inksplat-theme/wallpaper/gnome-background.xml 30
update-alternatives 2022-11-13 19:43:01: run with --install /usr/share/images/desktop-base/desktop-background.xml desktop-background.xml /usr/share/desktop-base/spacefun-theme/wallpaper/gnome-background.xml 30
update-alternatives 2022-11-13 19:43:01: run with --install /usr/share/images/desktop-base/desktop-lockscreen.xml desktop-lockscreen.xml /usr/share/desktop-base/active-theme/lockscreen/gnome-background.xml 50
update-alternatives 2022-11-13 19:43:01: link group desktop-lockscreen.xml updated to point to /usr/share/desktop-base/active-theme/lockscreen/gnome-background.xml
update-alternatives 2022-11-13 19:43:01: run with --install /usr/share/images/desktop-base/desktop-lockscreen.xml desktop-lockscreen.xml /usr/share/desktop-base/futureprototype-theme/lockscreen/gnome-background.xml 40
update-alternatives 2022-11-13 19:43:02: run with --install /usr/share/images/desktop-base/desktop-lockscreen.xml desktop-lockscreen.xml /usr/share/desktop-base/moonlight-theme/lockscreen/gnome-background.xml 30
update-alternatives 2022-11-13 19:43:02: run with --install /usr/share/images/desktop-base/desktop-lockscreen.xml desktop-lockscreen.xml /usr/share/desktop-base/softwaves-theme/lockscreen/gnome-background.xml 30
update-alternatives 2022-11-13 19:43:02: run with --install /usr/share/images/desktop-base/desktop-lockscreen.xml desktop-lockscreen.xml /usr/share/desktop-base/lines-theme/lockscreen/gnome-background.xml 30
update-alternatives 2022-11-13 19:43:02: run with --install /usr/share/images/desktop-base/desktop-lockscreen.xml desktop-lockscreen.xml /usr/share/desktop-base/joy-theme/lockscreen/gnome-background.xml 30
update-alternatives 2022-11-13 19:43:02: run with --install /usr/share/images/desktop-base/desktop-lockscreen.xml desktop-lockscreen.xml /usr/share/desktop-base/spacefun-theme/lockscreen/gnome-background.xml 30
update-alternatives 2022-11-13 19:43:02: run with --install /usr/share/wallpapers/DebianTheme desktop-plasma5-wallpaper /usr/share/desktop-base/active-theme/wallpaper 50
update-alternatives 2022-11-13 19:43:02: link group desktop-plasma5-wallpaper updated to point to /usr/share/desktop-base/active-theme/wallpaper
update-alternatives 2022-11-13 19:43:02: run with --install /usr/share/wallpapers/DebianTheme desktop-plasma5-wallpaper /usr/share/desktop-base/futureprototype-theme/wallpaper 40
update-alternatives 2022-11-13 19:43:02: run with --install /usr/share/wallpapers/DebianTheme desktop-plasma5-wallpaper /usr/share/desktop-base/moonlight-theme/wallpaper 30
update-alternatives 2022-11-13 19:43:02: run with --install /usr/share/wallpapers/DebianTheme desktop-plasma5-wallpaper /usr/share/desktop-base/softwaves-theme/wallpaper 30
update-alternatives 2022-11-13 19:43:02: run with --install /usr/share/wallpapers/DebianTheme desktop-plasma5-wallpaper /usr/share/desktop-base/lines-theme/wallpaper 30
update-alternatives 2022-11-13 19:43:02: run with --install /usr/share/wallpapers/DebianTheme desktop-plasma5-wallpaper /usr/share/desktop-base/joy-theme/wallpaper 30
update-alternatives 2022-11-13 19:43:03: run with --install /usr/share/wallpapers/DebianTheme desktop-plasma5-wallpaper /usr/share/desktop-base/joy-inksplat-theme/wallpaper 30
update-alternatives 2022-11-13 19:43:03: run with --install /usr/share/wallpapers/DebianTheme desktop-plasma5-wallpaper /usr/share/desktop-base/spacefun-theme/wallpaper 30
update-alternatives 2022-11-13 19:43:03: run with --install /usr/share/images/desktop-base/login-background.svg desktop-login-background /usr/share/desktop-base/active-theme/login/background.svg 50
update-alternatives 2022-11-13 19:43:03: link group desktop-login-background updated to point to /usr/share/desktop-base/active-theme/login/background.svg
update-alternatives 2022-11-13 19:43:03: run with --install /usr/share/images/desktop-base/login-background.svg desktop-login-background /usr/share/desktop-base/futureprototype-theme/login/background.svg 40
update-alternatives 2022-11-13 19:43:03: run with --install /usr/share/images/desktop-base/login-background.svg desktop-login-background /usr/share/desktop-base/moonlight-theme/login/background.svg 40
update-alternatives 2022-11-13 19:43:03: run with --install /usr/share/images/desktop-base/login-background.svg desktop-login-background /usr/share/desktop-base/softwaves-theme/login/background.svg 30
update-alternatives 2022-11-13 19:43:03: run with --install /usr/share/images/desktop-base/login-background.svg desktop-login-background /usr/share/desktop-base/lines-theme/login/background.svg 30
update-alternatives 2022-11-13 19:43:03: run with --install /usr/share/images/desktop-base/login-background.svg desktop-login-background /usr/share/desktop-base/lines-theme/login/background-nologo.svg 30
update-alternatives 2022-11-13 19:43:03: run with --install /usr/share/images/desktop-base/login-background.svg desktop-login-background /usr/share/desktop-base/joy-theme/login/background.svg 30
update-alternatives 2022-11-13 19:43:03: run with --install /usr/share/images/desktop-base/login-background.svg desktop-login-background /usr/share/desktop-base/spacefun-theme/login/background.svg 30
update-alternatives 2022-11-17 10:05:31: run with --remove x-www-browser /usr/bin/chromium
update-alternatives 2022-11-17 10:05:31: link group x-www-browser updated to point to /usr/bin/firefox
update-alternatives 2022-11-17 10:05:31: run with --remove gnome-www-browser /usr/bin/chromium
update-alternatives 2022-11-17 10:05:31: link group gnome-www-browser updated to point to /usr/bin/firefox
update-alternatives 2022-11-17 10:06:12: run with --remove gnome-www-browser /usr/bin/firefox
update-alternatives 2022-11-17 10:06:12: link group gnome-www-browser fully removed
update-alternatives 2022-11-17 10:06:12: run with --remove x-www-browser /usr/bin/firefox
update-alternatives 2022-11-17 10:06:12: link group x-www-browser fully removed
